PS C:\Users\chris\Git\another\training-exercise> powershell -ExecutionPolicy Bypass -File .\src\main.ps1 -CsvFilePath "C:\Users\chris\Documents\logs.log"
WARNING: The names of some imported commands from the module 'module' include unapproved verbs that might make them less
discoverable. To find the commands with unapproved verbs, run the Import-Module command again with the Verbose parameter. For a list
 of approved verbs, type Get-Verb.
Log Monitoring Application
CSV Data:

timestamp description                 state PID
--------- -----------                 ----- ---
11:35:23  scheduled task 032          START 37980
11:35:56  scheduled task 032          END   37980
11:36:11  scheduled task 796          START 57672
11:36:18  scheduled task 796          END   57672
11:36:58  background job wmy          START 81258
11:37:14  scheduled task 515          START 45135
11:37:53  scheduled task 051          START 39547
11:38:33  scheduled task 386          START 10515
11:39:26  background job dej          START 90812
11:40:24  scheduled task 386          END   10515
11:40:49  scheduled task 188          START 23118
11:40:51  scheduled task 996          START 90962
11:41:11  background job ulp          START 60134
11:41:28  scheduled task 188          END   23118
11:41:55  background job ulp          END   60134
11:42:46  scheduled task 996          END   90962
11:43:32  background job dej          END   90812
11:44:25  scheduled task 268          START 87228
11:44:43  scheduled task 182          START 70808
11:44:56  scheduled task 946          START 47139
11:45:04  scheduled task 074          START 71766
11:45:47  scheduled task 173          START 75164
11:46:04  scheduled task 538          START 26831
11:46:51  scheduled task 173          END   75164
11:47:04  background job djw          START 36709
11:47:54  background job djw          END   36709
11:48:16  scheduled task 538          END   26831
11:48:22  scheduled task 946          END   47139
11:48:45  scheduled task 811          START 50295
11:49:12  scheduled task 697          START 32904
11:49:22  scheduled task 051          END   39547
11:49:37  scheduled task 515          END   45135
11:49:46  scheduled task 697          END   32904
11:50:07  scheduled task 294          START 27222
11:50:09  background job you          START 38579
11:50:51  scheduled task 074          END   71766
11:51:06  scheduled task 626          START 32674
11:51:21  scheduled task 536          START 24799
11:51:28  scheduled task 536          END   24799
11:51:44  background job wmy          END   81258
11:52:32  scheduled task 626          END   32674
11:52:47  scheduled task 706          START 33528
11:53:17  scheduled task 460          START 39860
11:53:42  background job you          END   38579
11:53:53  scheduled task 268          END   87228
11:53:57  scheduled task 794          START 87570
11:54:56  background job cmx          START 55722
11:55:16  scheduled task 064          START 85742
11:55:20  scheduled task 811          END   50295
11:55:29  scheduled task 004          START 22003
11:55:43  background job cmx          END   55722
11:56:09  scheduled task 706          END   33528
11:56:15  scheduled task 294          END   27222
11:57:05  scheduled task 521          START 64591
11:57:08  background job sqm          START 99672
11:57:16  scheduled task 080          START 67833
11:58:12  scheduled task 678          START 96183
11:58:55  scheduled task 521          END   64591
11:59:29  background job xfg          START 86716
11:59:43  scheduled task 920          START 34189
12:00:03  background job tqc          START 52532
12:00:51  scheduled task 080          END   67833
12:01:50  scheduled task 794          END   87570
12:02:21  background job sqm          END   99672
12:02:26  scheduled task 678          END   96183
12:02:39  scheduled task 773          START 16168
12:02:55  scheduled task 773          END   16168
12:03:02  scheduled task 920          END   34189
12:03:20  scheduled task 333          START 72029
12:04:18  scheduled task 746          START 98746
12:04:57  scheduled task 374          START 23703
12:05:03  background job xfg          END   86716
12:05:59  scheduled task 936          START 62401
12:06:42  scheduled task 004          END   22003
12:07:33  scheduled task 064          END   85742
12:08:30  background job wiy          START 81470
12:09:33  background job wiy          END   81470
12:10:38  scheduled task 672          START 24482
12:11:35  scheduled task 746          END   98746
12:12:27  scheduled task 016          START 72897
12:13:09  scheduled task 460          END   39860
12:13:56  background job tqc          END   52532
12:14:20  scheduled task 531          START 62922
12:15:09  scheduled task 531          END   62922
12:16:23  scheduled task 936          END   62401
12:18:23  scheduled task 374          END   23703
12:18:26  scheduled task 182          END   70808
12:19:14  scheduled task 672          END   24482
08:14:20  scheduled task test-stuck   START 62922
08:14:20  scheduled task test-success START 15871
08:18:20  scheduled task test-success END   15871
08:14:20  scheduled task test-stuck   START 62922
08:14:20  scheduled task test-warn    START 15873
08:19:35  scheduled task test-warn    END   15873
08:14:20  scheduled task test-error   START 15879
08:39:35  scheduled task test-error   END   15879


Tracked Jobs:
Job: scheduled task 080
  Start: 01/24/2025 11:57:16
  End: 01/24/2025 12:00:51
  Duration: 00:03:35
  Status: Job completed successfully
Job: scheduled task 460
  Start: 01/24/2025 11:53:17
  End: 01/24/2025 12:13:09
  Duration: 00:19:52
  Status: Error - Job took longer than 10 minutes
Job: scheduled task 374
  Start: 01/24/2025 12:04:57
  End: 01/24/2025 12:18:23
  Duration: 00:13:26
  Status: Error - Job took longer than 10 minutes
Job: scheduled task 946
  Start: 01/24/2025 11:44:56
  End: 01/24/2025 11:48:22
  Duration: 00:03:26
  Status: Job completed successfully
Job: scheduled task 188
  Start: 01/24/2025 11:40:49
  End: 01/24/2025 11:41:28
  Duration: 00:00:39
  Status: Job completed successfully
Job: background job sqm
  Start: 01/24/2025 11:57:08
  End: 01/24/2025 12:02:21
  Duration: 00:05:13
  Status: Warning - Job took longer than 5 minutes
Job: scheduled task 182
  Start: 01/24/2025 11:44:43
  End: 01/24/2025 12:18:26
  Duration: 00:33:43
  Status: Error - Job took longer than 10 minutes
Job: scheduled task 051
  Start: 01/24/2025 11:37:53
  End: 01/24/2025 11:49:22
  Duration: 00:11:29
  Status: Error - Job took longer than 10 minutes
Job: scheduled task 386
  Start: 01/24/2025 11:38:33
  End: 01/24/2025 11:40:24
  Duration: 00:01:51
  Status: Job completed successfully
Job: background job tqc
  Start: 01/24/2025 12:00:03
  End: 01/24/2025 12:13:56
  Duration: 00:13:53
  Status: Error - Job took longer than 10 minutes
Job: scheduled task 796
  Start: 01/24/2025 11:36:11
  End: 01/24/2025 11:36:18
  Duration: 00:00:07
  Status: Job completed successfully
Job: scheduled task test-success
  Start: 01/24/2025 08:14:20
  End: 01/24/2025 08:18:20
  Duration: 00:04:00
  Status: Job completed successfully
Job: scheduled task 515
  Start: 01/24/2025 11:37:14
  End: 01/24/2025 11:49:37
  Duration: 00:12:23
  Status: Error - Job took longer than 10 minutes
Job: scheduled task 773
  Start: 01/24/2025 12:02:39
  End: 01/24/2025 12:02:55
  Duration: 00:00:16
  Status: Job completed successfully
Job: scheduled task 173
  Start: 01/24/2025 11:45:47
  End: 01/24/2025 11:46:51
  Duration: 00:01:04
  Status: Job completed successfully
Job: scheduled task 626
  Start: 01/24/2025 11:51:06
  End: 01/24/2025 11:52:32
  Duration: 00:01:26
  Status: Job completed successfully
Job: scheduled task 678
  Start: 01/24/2025 11:58:12
  End: 01/24/2025 12:02:26
  Duration: 00:04:14
  Status: Job completed successfully
Job: scheduled task 697
  Start: 01/24/2025 11:49:12
  End: 01/24/2025 11:49:46
  Duration: 00:00:34
  Status: Job completed successfully
Job: background job you
  Start: 01/24/2025 11:50:09
  End: 01/24/2025 11:53:42
  Duration: 00:03:33
  Status: Job completed successfully
Job: background job djw
  Start: 01/24/2025 11:47:04
  End: 01/24/2025 11:47:54
  Duration: 00:00:50
  Status: Job completed successfully
Job: background job wmy
  Start: 01/24/2025 11:36:58
  End: 01/24/2025 11:51:44
  Duration: 00:14:46
  Status: Error - Job took longer than 10 minutes
Job: scheduled task 746
  Start: 01/24/2025 12:04:18
  End: 01/24/2025 12:11:35
  Duration: 00:07:17
  Status: Warning - Job took longer than 5 minutes
Job: scheduled task 672
  Start: 01/24/2025 12:10:38
  End: 01/24/2025 12:19:14
  Duration: 00:08:36
  Status: Warning - Job took longer than 5 minutes
Job: scheduled task 531
  Start: 01/24/2025 12:14:20
  End: 01/24/2025 12:15:09
  Duration: 00:00:49
  Status: Job completed successfully
Job: background job dej
  Start: 01/24/2025 11:39:26
  End: 01/24/2025 11:43:32
  Duration: 00:04:06
  Status: Job completed successfully
Job: scheduled task 794
  Start: 01/24/2025 11:53:57
  End: 01/24/2025 12:01:50
  Duration: 00:07:53
  Status: Warning - Job took longer than 5 minutes
Job: scheduled task 538
  Start: 01/24/2025 11:46:04
  End: 01/24/2025 11:48:16
  Duration: 00:02:12
  Status: Job completed successfully
Job: scheduled task 333
  Start: 01/24/2025 12:03:20
  End:
  Duration:
  Status: Job stuck
Job: scheduled task 004
  Start: 01/24/2025 11:55:29
  End: 01/24/2025 12:06:42
  Duration: 00:11:13
  Status: Error - Job took longer than 10 minutes
Job: scheduled task 536
  Start: 01/24/2025 11:51:21
  End: 01/24/2025 11:51:28
  Duration: 00:00:07
  Status: Job completed successfully
Job: background job wiy
  Start: 01/24/2025 12:08:30
  End: 01/24/2025 12:09:33
  Duration: 00:01:03
  Status: Job completed successfully
Job: scheduled task 032
  Start: 01/24/2025 11:35:23
  End: 01/24/2025 11:35:56
  Duration: 00:00:33
  Status: Job completed successfully
Job: scheduled task test-warn
  Start: 01/24/2025 08:14:20
  End: 01/24/2025 08:19:35
  Duration: 00:05:15
  Status: Warning - Job took longer than 5 minutes
Job: scheduled task test-error
  Start: 01/24/2025 08:14:20
  End: 01/24/2025 08:39:35
  Duration: 00:25:15
  Status: Error - Job took longer than 10 minutes
Job: scheduled task 920
  Start: 01/24/2025 11:59:43
  End: 01/24/2025 12:03:02
  Duration: 00:03:19
  Status: Job completed successfully
Job: scheduled task 064
  Start: 01/24/2025 11:55:16
  End: 01/24/2025 12:07:33
  Duration: 00:12:17
  Status: Error - Job took longer than 10 minutes
Job: background job xfg
  Start: 01/24/2025 11:59:29
  End: 01/24/2025 12:05:03
  Duration: 00:05:34
  Status: Warning - Job took longer than 5 minutes
Job: background job cmx
  Start: 01/24/2025 11:54:56
  End: 01/24/2025 11:55:43
  Duration: 00:00:47
  Status: Job completed successfully
Job: scheduled task 936
  Start: 01/24/2025 12:05:59
  End: 01/24/2025 12:16:23
  Duration: 00:10:24
  Status: Error - Job took longer than 10 minutes
Job: scheduled task 074
  Start: 01/24/2025 11:45:04
  End: 01/24/2025 11:50:51
  Duration: 00:05:47
  Status: Warning - Job took longer than 5 minutes
Job: scheduled task 706
  Start: 01/24/2025 11:52:47
  End: 01/24/2025 11:56:09
  Duration: 00:03:22
  Status: Job completed successfully
Job: scheduled task 521
  Start: 01/24/2025 11:57:05
  End: 01/24/2025 11:58:55
  Duration: 00:01:50
  Status: Job completed successfully
Job: scheduled task 016
  Start: 01/24/2025 12:12:27
  End:
  Duration:
  Status: Job stuck
Job: scheduled task 996
  Start: 01/24/2025 11:40:51
  End: 01/24/2025 11:42:46
  Duration: 00:01:55
  Status: Job completed successfully
Job: scheduled task test-stuck
  Start: 01/24/2025 08:14:20
  End:
  Duration:
  Status: Job stuck
Job: scheduled task 268
  Start: 01/24/2025 11:44:25
  End: 01/24/2025 11:53:53
  Duration: 00:09:28
  Status: Warning - Job took longer than 5 minutes
Job: scheduled task 294
  Start: 01/24/2025 11:50:07
  End: 01/24/2025 11:56:15
  Duration: 00:06:08
  Status: Warning - Job took longer than 5 minutes
Job: background job ulp
  Start: 01/24/2025 11:41:11
  End: 01/24/2025 11:41:55
  Duration: 00:00:44
  Status: Job completed successfully
Job: scheduled task 811
  Start: 01/24/2025 11:48:45
  End: 01/24/2025 11:55:20
  Duration: 00:06:35
  Status: Warning - Job took longer than 5 minutes
Summary:
  Jobs stuck: 3
  Jobs with errors: 11
  Jobs with warnings: 10
  Jobs completed successfully: 25